25:33:27.776147 USBPROXY Log continuation - Log started 2022-08-16T16:50:22.883829100Z
25:33:27.821192 USBPROXY Getting USB descriptor (id 0) failed (dwErr=31) on hub USB#ROOT_HUB30#5&39b8775f&0&0#{f18a0e88-c30c-11d0-8815-00a0c906bed8} port 3
25:33:27.951948 USBPROXY usbLibGetDevices: Found 3 USB devices, 0 captured
25:33:29.016402 dns-monitor HostDnsMonitor: updating information
25:33:29.016442 dns-monitor HostDnsMonitor: unchanged
25:33:31.555602 USBPROXY usbLibGetDevices: Starting USB device enumeration
25:33:31.592499 USBPROXY Getting USB descriptor (id 0) failed (dwErr=31) on hub USB#ROOT_HUB30#5&39b8775f&0&0#{f18a0e88-c30c-11d0-8815-00a0c906bed8} port 3
25:33:31.592614 USBPROXY usbLibDevGetHubPortDevices: No DriverKey on hub USB#ROOT_HUB30#5&2d8e40bd&0&0#{f18a0e88-c30c-11d0-8815-00a0c906bed8} port 1
25:33:31.592784 USBPROXY usbLibDevCfgDrGet: IOCTL_USB_GET_DESCRIPTOR_FROM_NODE_CONNECTION #1 failed (dwErr=433) on hub USB#ROOT_HUB30#5&2d8e40bd&0&0#{f18a0e88-c30c-11d0-8815-00a0c906bed8} port 1
25:33:31.624144 USBPROXY usbLibGetDevices: Found 3 USB devices, 0 captured
25:33:31.624484 USBPROXY USB: Unknown USB device detected (idVendor: 0x0000, idProduct: 0x0000)
25:33:32.683148 USBPROXY usbLibGetDevices: Starting USB device enumeration
25:33:32.725833 USBPROXY Getting USB descriptor (id 0) failed (dwErr=31) on hub USB#ROOT_HUB30#5&39b8775f&0&0#{f18a0e88-c30c-11d0-8815-00a0c906bed8} port 3
25:33:32.781370 USBPROXY usbLibGetDevices: Found 3 USB devices, 0 captured
25:33:34.314469 USBPROXY usbLibGetDevices: Starting USB device enumeration
25:33:34.494101 USBPROXY Getting USB descriptor (id 0) failed (dwErr=31) on hub USB#ROOT_HUB30#5&39b8775f&0&0#{f18a0e88-c30c-11d0-8815-00a0c906bed8} port 3
25:33:34.552674 USBPROXY usbLibGetDevices: Found 3 USB devices, 0 captured
25:33:36.008834 USBPROXY usbLibGetDevices: Starting USB device enumeration
25:33:36.058151 USBPROXY Getting USB descriptor (id 0) failed (dwErr=31) on hub USB#ROOT_HUB30#5&39b8775f&0&0#{f18a0e88-c30c-11d0-8815-00a0c906bed8} port 3
25:33:36.107785 USBPROXY usbLibGetDevices: Found 3 USB devices, 0 captured
25:33:45.748084 USBPROXY usbLibGetDevices: Starting USB device enumeration
25:33:45.775035 USBPROXY Getting USB descriptor (id 0) failed (dwErr=31) on hub USB#ROOT_HUB30#5&2524570b&0&0#{f18a0e88-c30c-11d0-8815-00a0c906bed8} port 3
25:33:45.794562 USBPROXY Getting USB descriptor (id 0) failed (dwErr=31) on hub USB#ROOT_HUB30#5&39b8775f&0&0#{f18a0e88-c30c-11d0-8815-00a0c906bed8} port 3
25:33:45.848067 USBPROXY usbLibGetDevices: Found 3 USB devices, 0 captured
25:33:47.545454 USBPROXY usbLibGetDevices: Starting USB device enumeration
25:33:47.562151 USBPROXY Getting USB descriptor (id 0) failed (dwErr=31) on hub USB#ROOT_HUB30#5&2524570b&0&0#{f18a0e88-c30c-11d0-8815-00a0c906bed8} port 3
25:33:47.617828 USBPROXY Getting USB descriptor (id 0) failed (dwErr=31) on hub USB#ROOT_HUB30#5&39b8775f&0&0#{f18a0e88-c30c-11d0-8815-00a0c906bed8} port 3
25:33:47.662281 USBPROXY usbLibGetDevices: Found 3 USB devices, 0 captured
25:33:49.295359 USBPROXY usbLibGetDevices: Starting USB device enumeration
25:33:49.342910 USBPROXY Getting USB descriptor (id 0) failed (dwErr=31) on hub USB#ROOT_HUB30#5&39b8775f&0&0#{f18a0e88-c30c-11d0-8815-00a0c906bed8} port 3
25:33:49.393380 USBPROXY usbLibGetDevices: Found 3 USB devices, 0 captured
25:33:54.226909 USBPROXY usbLibGetDevices: Starting USB device enumeration
25:33:54.275321 USBPROXY Getting USB descriptor (id 0) failed (dwErr=31) on hub USB#ROOT_HUB30#5&39b8775f&0&0#{f18a0e88-c30c-11d0-8815-00a0c906bed8} port 3
25:33:54.275390 USBPROXY usbLibDevGetHubPortDevices: No DriverKey on hub USB#ROOT_HUB30#5&2d8e40bd&0&0#{f18a0e88-c30c-11d0-8815-00a0c906bed8} port 1
25:33:54.275397 USBPROXY usbLibDevCfgDrGet: IOCTL_USB_GET_DESCRIPTOR_FROM_NODE_CONNECTION #1 failed (dwErr=433) on hub USB#ROOT_HUB30#5&2d8e40bd&0&0#{f18a0e88-c30c-11d0-8815-00a0c906bed8} port 1
25:33:54.306466 USBPROXY usbLibGetDevices: Found 3 USB devices, 0 captured
25:33:54.306503 USBPROXY USB: Unknown USB device detected (idVendor: 0x0000, idProduct: 0x0000)
25:33:55.329841 USBPROXY usbLibGetDevices: Starting USB device enumeration
25:33:55.347603 USBPROXY Getting USB descriptor (id 0) failed (dwErr=31) on hub USB#ROOT_HUB30#5&2524570b&0&0#{f18a0e88-c30c-11d0-8815-00a0c906bed8} port 3
25:33:55.363653 USBPROXY Getting USB descriptor (id 0) failed (dwErr=31) on hub USB#ROOT_HUB30#5&39b8775f&0&0#{f18a0e88-c30c-11d0-8815-00a0c906bed8} port 3
25:33:55.427145 USBPROXY usbLibGetDevices: Found 3 USB devices, 0 captured
25:33:57.070317 USBPROXY usbLibGetDevices: Starting USB device enumeration
25:33:57.166047 USBPROXY Getting USB descriptor (id 0) failed (dwErr=31) on hub USB#ROOT_HUB30#5&2524570b&0&0#{f18a0e88-c30c-11d0-8815-00a0c906bed8} port 3
25:33:57.195917 USBPROXY Getting USB descriptor (id 0) failed (dwErr=31) on hub USB#ROOT_HUB30#5&39b8775f&0&0#{f18a0e88-c30c-11d0-8815-00a0c906bed8} port 3
25:33:57.258035 USBPROXY usbLibGetDevices: Found 3 USB devices, 0 captured
25:33:58.745423 USBPROXY usbLibGetDevices: Starting USB device enumeration
25:33:58.795403 USBPROXY Getting USB descriptor (id 0) failed (dwErr=31) on hub USB#ROOT_HUB30#5&39b8775f&0&0#{f18a0e88-c30c-11d0-8815-00a0c906bed8} port 3
25:33:58.862567 USBPROXY usbLibGetDevices: Found 3 USB devices, 0 captured
25:34:01.027531 USBPROXY usbLibGetDevices: Starting USB device enumeration
25:34:01.077249 USBPROXY Getting USB descriptor (id 0) failed (dwErr=31) on hub USB#ROOT_HUB30#5&39b8775f&0&0#{f18a0e88-c30c-11d0-8815-00a0c906bed8} port 3
25:34:01.140984 USBPROXY usbLibGetDevices: Found 3 USB devices, 0 captured
25:34:23.016356 USBPROXY usbLibGetDevices: Starting USB device enumeration
25:34:23.050733 USBPROXY Getting USB descriptor (id 0) failed (dwErr=31) on hub USB#ROOT_HUB30#5&2524570b&0&0#{f18a0e88-c30c-11d0-8815-00a0c906bed8} port 3
25:34:23.082272 USBPROXY Getting USB descriptor (id 0) failed (dwErr=31) on hub USB#ROOT_HUB30#5&39b8775f&0&0#{f18a0e88-c30c-11d0-8815-00a0c906bed8} port 3
25:34:23.082385 USBPROXY usbLibDevGetHubPortDevices: No DriverKey on hub USB#ROOT_HUB30#5&2d8e40bd&0&0#{f18a0e88-c30c-11d0-8815-00a0c906bed8} port 1
25:34:23.082395 USBPROXY usbLibDevCfgDrGet: IOCTL_USB_GET_DESCRIPTOR_FROM_NODE_CONNECTION #1 failed (dwErr=433) on hub USB#ROOT_HUB30#5&2d8e40bd&0&0#{f18a0e88-c30c-11d0-8815-00a0c906bed8} port 1
25:34:23.156045 USBPROXY usbLibGetDevices: Found 3 USB devices, 0 captured
25:34:23.156087 USBPROXY USB: Unknown USB device detected (idVendor: 0x0000, idProduct: 0x0000)
25:34:24.100724 USBPROXY usbLibGetDevices: Starting USB device enumeration
25:34:24.119070 USBPROXY Getting USB descriptor (id 0) failed (dwErr=31) on hub USB#ROOT_HUB30#5&2524570b&0&0#{f18a0e88-c30c-11d0-8815-00a0c906bed8} port 3
25:34:24.150553 USBPROXY Getting USB descriptor (id 0) failed (dwErr=31) on hub USB#ROOT_HUB30#5&39b8775f&0&0#{f18a0e88-c30c-11d0-8815-00a0c906bed8} port 3
25:34:24.200696 USBPROXY usbLibGetDevices: Found 3 USB devices, 0 captured
25:34:25.861907 USBPROXY usbLibGetDevices: Starting USB device enumeration
25:34:25.879921 USBPROXY Getting USB descriptor (id 0) failed (dwErr=31) on hub USB#ROOT_HUB30#5&2524570b&0&0#{f18a0e88-c30c-11d0-8815-00a0c906bed8} port 3
25:34:25.911224 USBPROXY Getting USB descriptor (id 0) failed (dwErr=31) on hub USB#ROOT_HUB30#5&39b8775f&0&0#{f18a0e88-c30c-11d0-8815-00a0c906bed8} port 3
25:34:26.030621 USBPROXY usbLibGetDevices: Found 3 USB devices, 0 captured
25:34:27.389730 USBPROXY usbLibGetDevices: Starting USB device enumeration
25:34:27.438590 USBPROXY Getting USB descriptor (id 0) failed (dwErr=31) on hub USB#ROOT_HUB30#5&39b8775f&0&0#{f18a0e88-c30c-11d0-8815-00a0c906bed8} port 3
25:34:27.502185 USBPROXY usbLibGetDevices: Found 3 USB devices, 0 captured
25:34:30.715751 USBPROXY usbLibGetDevices: Starting USB device enumeration
25:34:30.764922 USBPROXY Getting USB descriptor (id 0) failed (dwErr=31) on hub USB#ROOT_HUB30#5&39b8775f&0&0#{f18a0e88-c30c-11d0-8815-00a0c906bed8} port 3
25:34:30.814148 USBPROXY usbLibGetDevices: Found 3 USB devices, 0 captured
25:34:32.352824 USBPROXY usbLibGetDevices: Starting USB device enumeration
25:34:32.471196 USBPROXY Getting USB descriptor (id 0) failed (dwErr=31) on hub USB#ROOT_HUB30#5&39b8775f&0&0#{f18a0e88-c30c-11d0-8815-00a0c906bed8} port 3
25:34:32.531566 USBPROXY usbLibGetDevices: Found 3 USB devices, 0 captured
25:34:34.213839 USBPROXY usbLibGetDevices: Starting USB device enumeration
25:34:34.263719 USBPROXY Getting USB descriptor (id 0) failed (dwErr=31) on hub USB#ROOT_HUB30#5&39b8775f&0&0#{f18a0e88-c30c-11d0-8815-00a0c906bed8} port 3
25:34:34.313634 USBPROXY usbLibGetDevices: Found 3 USB devices, 0 captured
25:34:58.177288 USBPROXY usbLibGetDevices: Starting USB device enumeration
25:34:58.195064 USBPROXY Getting USB descriptor (id 0) failed (dwErr=31) on hub USB#ROOT_HUB30#5&2524570b&0&0#{f18a0e88-c30c-11d0-8815-00a0c906bed8} port 3
25:34:58.210475 USBPROXY Getting USB descriptor (id 0) failed (dwErr=31) on hub USB#ROOT_HUB30#5&39b8775f&0&0#{f18a0e88-c30c-11d0-8815-00a0c906bed8} port 3
25:34:58.273542 USBPROXY usbLibGetDevices: Found 3 USB devices, 0 captured
25:34:59.924583 USBPROXY usbLibGetDevices: Starting USB device enumeration
25:35:00.064944 USBPROXY Getting USB descriptor (id 0) failed (dwErr=31) on hub USB#ROOT_HUB30#5&2524570b&0&0#{f18a0e88-c30c-11d0-8815-00a0c906bed8} port 3
25:35:00.083094 USBPROXY Getting USB descriptor (id 0) failed (dwErr=31) on hub USB#ROOT_HUB30#5&39b8775f&0&0#{f18a0e88-c30c-11d0-8815-00a0c906bed8} port 3
25:35:00.133596 USBPROXY usbLibGetDevices: Found 3 USB devices, 0 captured
25:35:01.573554 USBPROXY usbLibGetDevices: Starting USB device enumeration
25:35:01.623263 USBPROXY Getting USB descriptor (id 0) failed (dwErr=31) on hub USB#ROOT_HUB30#5&39b8775f&0&0#{f18a0e88-c30c-11d0-8815-00a0c906bed8} port 3
25:35:01.687000 USBPROXY usbLibGetDevices: Found 3 USB devices, 0 captured
25:35:03.836095 USBPROXY usbLibGetDevices: Starting USB device enumeration
25:35:03.919345 USBPROXY usbLibGetDevices: Found 4 USB devices, 0 captured
25:41:11.676147 USBPROXY usbLibGetDevices: Starting USB device enumeration
25:41:11.694047 USBPROXY Getting USB descriptor (id 0) failed (dwErr=31) on hub USB#ROOT_HUB30#5&2524570b&0&0#{f18a0e88-c30c-11d0-8815-00a0c906bed8} port 3
25:41:11.702405 USBPROXY Getting USB descriptor (id 0) failed (dwErr=31) on hub USB#ROOT_HUB30#5&39b8775f&0&0#{f18a0e88-c30c-11d0-8815-00a0c906bed8} port 3
25:41:11.742590 USBPROXY usbLibGetDevices: Found 4 USB devices, 0 captured
25:41:11.742626 USBPROXY USB: Unknown USB device detected (idVendor: 0x13d3, idProduct: 0x56eb)
25:41:13.287804 USBPROXY usbLibGetDevices: Starting USB device enumeration
25:41:13.305485 USBPROXY Getting USB descriptor (id 0) failed (dwErr=31) on hub USB#ROOT_HUB30#5&2524570b&0&0#{f18a0e88-c30c-11d0-8815-00a0c906bed8} port 3
25:41:13.313437 USBPROXY Getting USB descriptor (id 0) failed (dwErr=31) on hub USB#ROOT_HUB30#5&39b8775f&0&0#{f18a0e88-c30c-11d0-8815-00a0c906bed8} port 3
25:41:13.365190 USBPROXY usbLibGetDevices: Found 4 USB devices, 0 captured
25:41:14.972151 USBPROXY usbLibGetDevices: Starting USB device enumeration
25:41:14.999450 USBPROXY Getting USB descriptor (id 0) failed (dwErr=31) on hub USB#ROOT_HUB30#5&39b8775f&0&0#{f18a0e88-c30c-11d0-8815-00a0c906bed8} port 3
25:41:15.038100 USBPROXY usbLibGetDevices: Found 4 USB devices, 0 captured
25:41:20.654282 USBPROXY usbLibGetDevices: Starting USB device enumeration
25:41:20.671922 USBPROXY Getting USB descriptor (id 0) failed (dwErr=31) on hub USB#ROOT_HUB30#5&2524570b&0&0#{f18a0e88-c30c-11d0-8815-00a0c906bed8} port 3
25:41:20.679393 USBPROXY Getting USB descriptor (id 0) failed (dwErr=31) on hub USB#ROOT_HUB30#5&39b8775f&0&0#{f18a0e88-c30c-11d0-8815-00a0c906bed8} port 3
25:41:20.717080 USBPROXY usbLibGetDevices: Found 4 USB devices, 0 captured
25:41:22.403751 USBPROXY usbLibGetDevices: Starting USB device enumeration
25:41:22.421350 USBPROXY Getting USB descriptor (id 0) failed (dwErr=31) on hub USB#ROOT_HUB30#5&2524570b&0&0#{f18a0e88-c30c-11d0-8815-00a0c906bed8} port 3
25:41:22.429417 USBPROXY Getting USB descriptor (id 0) failed (dwErr=31) on hub USB#ROOT_HUB30#5&39b8775f&0&0#{f18a0e88-c30c-11d0-8815-00a0c906bed8} port 3
25:41:22.552224 USBPROXY usbLibGetDevices: Found 4 USB devices, 0 captured
25:41:24.017690 USBPROXY usbLibGetDevices: Starting USB device enumeration
25:41:24.036539 USBPROXY Getting USB descriptor (id 0) failed (dwErr=31) on hub USB#ROOT_HUB30#5&2524570b&0&0#{f18a0e88-c30c-11d0-8815-00a0c906bed8} port 3
25:41:24.044660 USBPROXY Getting USB descriptor (id 0) failed (dwErr=31) on hub USB#ROOT_HUB30#5&39b8775f&0&0#{f18a0e88-c30c-11d0-8815-00a0c906bed8} port 3
25:41:24.086437 USBPROXY usbLibGetDevices: Found 4 USB devices, 0 captured
25:41:27.562332 USBPROXY usbLibGetDevices: Starting USB device enumeration
25:41:27.581812 USBPROXY Getting USB descriptor (id 0) failed (dwErr=31) on hub USB#ROOT_HUB30#5&2524570b&0&0#{f18a0e88-c30c-11d0-8815-00a0c906bed8} port 3
25:41:27.644488 USBPROXY usbLibDevCfgDrGet: IOCTL_USB_GET_DESCRIPTOR_FROM_NODE_CONNECTION #1 failed (dwErr=433) on hub USB#ROOT_HUB30#5&2d8e40bd&0&0#{f18a0e88-c30c-11d0-8815-00a0c906bed8} port 1
25:41:27.644695 USBPROXY usbLibGetDevices: Found 3 USB devices, 0 captured
25:41:27.644728 USBPROXY USB: Unknown USB device detected (idVendor: 0x13d3, idProduct: 0x3568)
25:41:28.453011 USBPROXY usbLibGetDevices: Starting USB device enumeration
25:41:28.470843 USBPROXY Getting USB descriptor (id 0) failed (dwErr=31) on hub USB#ROOT_HUB30#5&2524570b&0&0#{f18a0e88-c30c-11d0-8815-00a0c906bed8} port 3
25:41:28.470963 USBPROXY Getting USB descriptor (id 0) failed (dwErr=31) on hub USB#ROOT_HUB30#5&39b8775f&0&0#{f18a0e88-c30c-11d0-8815-00a0c906bed8} port 3
25:41:28.519718 USBPROXY usbLibGetDevices: Found 3 USB devices, 0 captured
25:41:28.519772 USBPROXY USB: Unknown USB device detected (idVendor: 0x13d3, idProduct: 0x56eb)
25:41:30.336607 USBPROXY usbLibGetDevices: Starting USB device enumeration
25:41:30.369809 USBPROXY Getting USB descriptor (id 0) failed (dwErr=31) on hub USB#ROOT_HUB30#5&2524570b&0&0#{f18a0e88-c30c-11d0-8815-00a0c906bed8} port 3
25:41:30.401104 USBPROXY Getting USB descriptor (id 0) failed (dwErr=31) on hub USB#ROOT_HUB30#5&39b8775f&0&0#{f18a0e88-c30c-11d0-8815-00a0c906bed8} port 3
25:41:30.481133 USBPROXY usbLibGetDevices: Found 3 USB devices, 0 captured
25:41:31.956794 USBPROXY usbLibGetDevices: Starting USB device enumeration
25:41:32.005969 USBPROXY Getting USB descriptor (id 0) failed (dwErr=31) on hub USB#ROOT_HUB30#5&39b8775f&0&0#{f18a0e88-c30c-11d0-8815-00a0c906bed8} port 3
25:41:32.054874 USBPROXY usbLibGetDevices: Found 3 USB devices, 0 captured
25:41:47.488070 USBPROXY usbLibGetDevices: Starting USB device enumeration
25:41:47.546314 USBPROXY Getting USB descriptor (id 0) failed (dwErr=31) on hub USB#ROOT_HUB30#5&39b8775f&0&0#{f18a0e88-c30c-11d0-8815-00a0c906bed8} port 3
25:41:47.608650 USBPROXY usbLibGetDevices: Found 3 USB devices, 0 captured
25:43:07.960637 USBPROXY usbLibGetDevices: Starting USB device enumeration
25:43:07.977732 USBPROXY Getting USB descriptor (id 0) failed (dwErr=31) on hub USB#ROOT_HUB30#5&2524570b&0&0#{f18a0e88-c30c-11d0-8815-00a0c906bed8} port 3
25:43:07.993168 USBPROXY Getting USB descriptor (id 0) failed (dwErr=31) on hub USB#ROOT_HUB30#5&39b8775f&0&0#{f18a0e88-c30c-11d0-8815-00a0c906bed8} port 3
25:43:07.993242 USBPROXY usbLibDevGetHubPortDevices: No DriverKey on hub USB#ROOT_HUB30#5&2d8e40bd&0&0#{f18a0e88-c30c-11d0-8815-00a0c906bed8} port 1
25:43:07.993249 USBPROXY usbLibDevCfgDrGet: IOCTL_USB_GET_DESCRIPTOR_FROM_NODE_CONNECTION #1 failed (dwErr=433) on hub USB#ROOT_HUB30#5&2d8e40bd&0&0#{f18a0e88-c30c-11d0-8815-00a0c906bed8} port 1
25:43:08.025665 USBPROXY usbLibGetDevices: Found 3 USB devices, 0 captured
25:43:08.025716 USBPROXY USB: Unknown USB device detected (idVendor: 0x0000, idProduct: 0x0000)
25:43:09.050866 USBPROXY usbLibGetDevices: Starting USB device enumeration
25:43:09.069406 USBPROXY Getting USB descriptor (id 0) failed (dwErr=31) on hub USB#ROOT_HUB30#5&2524570b&0&0#{f18a0e88-c30c-11d0-8815-00a0c906bed8} port 3
25:43:09.098678 USBPROXY Getting USB descriptor (id 0) failed (dwErr=31) on hub USB#ROOT_HUB30#5&39b8775f&0&0#{f18a0e88-c30c-11d0-8815-00a0c906bed8} port 3
25:43:09.159343 USBPROXY usbLibGetDevices: Found 3 USB devices, 0 captured
25:43:10.814404 USBPROXY usbLibGetDevices: Starting USB device enumeration
25:43:10.831384 USBPROXY Getting USB descriptor (id 0) failed (dwErr=31) on hub USB#ROOT_HUB30#5&2524570b&0&0#{f18a0e88-c30c-11d0-8815-00a0c906bed8} port 3
25:43:10.861141 USBPROXY Getting USB descriptor (id 0) failed (dwErr=31) on hub USB#ROOT_HUB30#5&39b8775f&0&0#{f18a0e88-c30c-11d0-8815-00a0c906bed8} port 3
25:43:10.975105 USBPROXY usbLibGetDevices: Found 3 USB devices, 0 captured
25:43:12.460667 USBPROXY usbLibGetDevices: Starting USB device enumeration
25:43:12.508996 USBPROXY Getting USB descriptor (id 0) failed (dwErr=31) on hub USB#ROOT_HUB30#5&39b8775f&0&0#{f18a0e88-c30c-11d0-8815-00a0c906bed8} port 3
25:43:12.556986 USBPROXY usbLibGetDevices: Found 3 USB devices, 0 captured
25:43:19.184324 USBPROXY usbLibGetDevices: Starting USB device enumeration
25:43:19.201403 USBPROXY Getting USB descriptor (id 0) failed (dwErr=31) on hub USB#ROOT_HUB30#5&2524570b&0&0#{f18a0e88-c30c-11d0-8815-00a0c906bed8} port 3
25:43:19.240432 USBPROXY Getting USB descriptor (id 0) failed (dwErr=31) on hub USB#ROOT_HUB30#5&39b8775f&0&0#{f18a0e88-c30c-11d0-8815-00a0c906bed8} port 3
25:43:19.300144 USBPROXY usbLibGetDevices: Found 3 USB devices, 0 captured
25:43:20.914075 USBPROXY usbLibGetDevices: Starting USB device enumeration
25:43:20.930837 USBPROXY Getting USB descriptor (id 0) failed (dwErr=31) on hub USB#ROOT_HUB30#5&2524570b&0&0#{f18a0e88-c30c-11d0-8815-00a0c906bed8} port 3
25:43:20.961887 USBPROXY Getting USB descriptor (id 0) failed (dwErr=31) on hub USB#ROOT_HUB30#5&39b8775f&0&0#{f18a0e88-c30c-11d0-8815-00a0c906bed8} port 3
25:43:21.058412 USBPROXY usbLibGetDevices: Found 3 USB devices, 0 captured
25:43:22.580779 USBPROXY usbLibGetDevices: Starting USB device enumeration
25:43:22.629474 USBPROXY Getting USB descriptor (id 0) failed (dwErr=31) on hub USB#ROOT_HUB30#5&39b8775f&0&0#{f18a0e88-c30c-11d0-8815-00a0c906bed8} port 3
25:43:22.677929 USBPROXY usbLibGetDevices: Found 3 USB devices, 0 captured
25:45:04.949367 USBPROXY usbLibGetDevices: Starting USB device enumeration
25:45:04.967140 USBPROXY Getting USB descriptor (id 0) failed (dwErr=31) on hub USB#ROOT_HUB30#5&2524570b&0&0#{f18a0e88-c30c-11d0-8815-00a0c906bed8} port 3
25:45:04.998518 USBPROXY Getting USB descriptor (id 0) failed (dwErr=31) on hub USB#ROOT_HUB30#5&39b8775f&0&0#{f18a0e88-c30c-11d0-8815-00a0c906bed8} port 3
25:45:05.062029 USBPROXY usbLibGetDevices: Found 3 USB devices, 0 captured
25:45:06.699603 USBPROXY usbLibGetDevices: Starting USB device enumeration
25:45:06.716666 USBPROXY Getting USB descriptor (id 0) failed (dwErr=31) on hub USB#ROOT_HUB30#5&2524570b&0&0#{f18a0e88-c30c-11d0-8815-00a0c906bed8} port 3
25:45:06.747435 USBPROXY Getting USB descriptor (id 0) failed (dwErr=31) on hub USB#ROOT_HUB30#5&39b8775f&0&0#{f18a0e88-c30c-11d0-8815-00a0c906bed8} port 3
25:45:06.857359 USBPROXY usbLibGetDevices: Found 3 USB devices, 0 captured
25:45:08.381120 USBPROXY usbLibGetDevices: Starting USB device enumeration
25:45:08.430478 USBPROXY Getting USB descriptor (id 0) failed (dwErr=31) on hub USB#ROOT_HUB30#5&39b8775f&0&0#{f18a0e88-c30c-11d0-8815-00a0c906bed8} port 3
25:45:08.494260 USBPROXY usbLibGetDevices: Found 3 USB devices, 0 captured
25:45:12.027082 USBPROXY usbLibGetDevices: Starting USB device enumeration
25:45:12.077947 USBPROXY Getting USB descriptor (id 0) failed (dwErr=31) on hub USB#ROOT_HUB30#5&39b8775f&0&0#{f18a0e88-c30c-11d0-8815-00a0c906bed8} port 3
25:45:12.140916 USBPROXY usbLibGetDevices: Found 3 USB devices, 0 captured
25:45:28.162790 USBPROXY usbLibGetDevices: Starting USB device enumeration
25:45:28.179922 USBPROXY Getting USB descriptor (id 0) failed (dwErr=31) on hub USB#ROOT_HUB30#5&2524570b&0&0#{f18a0e88-c30c-11d0-8815-00a0c906bed8} port 3
25:45:28.211664 USBPROXY Getting USB descriptor (id 0) failed (dwErr=31) on hub USB#ROOT_HUB30#5&39b8775f&0&0#{f18a0e88-c30c-11d0-8815-00a0c906bed8} port 3
25:45:28.260580 USBPROXY usbLibGetDevices: Found 3 USB devices, 0 captured
25:45:29.901365 USBPROXY usbLibGetDevices: Starting USB device enumeration
25:45:29.918864 USBPROXY Getting USB descriptor (id 0) failed (dwErr=31) on hub USB#ROOT_HUB30#5&2524570b&0&0#{f18a0e88-c30c-11d0-8815-00a0c906bed8} port 3
25:45:29.934926 USBPROXY Getting USB descriptor (id 0) failed (dwErr=31) on hub USB#ROOT_HUB30#5&39b8775f&0&0#{f18a0e88-c30c-11d0-8815-00a0c906bed8} port 3
25:45:30.032707 USBPROXY usbLibGetDevices: Found 3 USB devices, 0 captured
25:45:31.619779 USBPROXY usbLibGetDevices: Starting USB device enumeration
25:45:31.657327 USBPROXY Getting USB descriptor (id 0) failed (dwErr=31) on hub USB#ROOT_HUB30#5&39b8775f&0&0#{f18a0e88-c30c-11d0-8815-00a0c906bed8} port 3
25:45:31.733627 USBPROXY usbLibGetDevices: Found 3 USB devices, 0 captured
25:53:46.574240 USBPROXY usbLibGetDevices: Starting USB device enumeration
25:53:46.591324 USBPROXY Getting USB descriptor (id 0) failed (dwErr=31) on hub USB#ROOT_HUB30#5&2524570b&0&0#{f18a0e88-c30c-11d0-8815-00a0c906bed8} port 3
25:53:46.622314 USBPROXY Getting USB descriptor (id 0) failed (dwErr=31) on hub USB#ROOT_HUB30#5&39b8775f&0&0#{f18a0e88-c30c-11d0-8815-00a0c906bed8} port 3
25:53:46.622402 USBPROXY usbLibDevGetHubPortDevices: No DriverKey on hub USB#ROOT_HUB30#5&2d8e40bd&0&0#{f18a0e88-c30c-11d0-8815-00a0c906bed8} port 1
25:53:46.622414 USBPROXY usbLibDevCfgDrGet: IOCTL_USB_GET_DESCRIPTOR_FROM_NODE_CONNECTION #1 failed (dwErr=433) on hub USB#ROOT_HUB30#5&2d8e40bd&0&0#{f18a0e88-c30c-11d0-8815-00a0c906bed8} port 1
25:53:46.672463 USBPROXY usbLibGetDevices: Found 3 USB devices, 0 captured
25:53:46.672499 USBPROXY USB: Unknown USB device detected (idVendor: 0x0000, idProduct: 0x0000)
25:53:51.058452 USBPROXY usbLibGetDevices: Starting USB device enumeration
25:53:51.106747 USBPROXY Getting USB descriptor (id 0) failed (dwErr=31) on hub USB#ROOT_HUB30#5&39b8775f&0&0#{f18a0e88-c30c-11d0-8815-00a0c906bed8} port 3
25:53:51.156961 USBPROXY usbLibGetDevices: Found 3 USB devices, 0 captured
25:53:52.330034 USBPROXY usbLibGetDevices: Starting USB device enumeration
25:53:52.377218 USBPROXY Getting USB descriptor (id 0) failed (dwErr=31) on hub USB#ROOT_HUB30#5&39b8775f&0&0#{f18a0e88-c30c-11d0-8815-00a0c906bed8} port 3
25:53:52.426632 USBPROXY usbLibGetDevices: Found 3 USB devices, 0 captured
25:53:55.220404 USBPROXY usbLibGetDevices: Starting USB device enumeration
25:53:55.268219 USBPROXY Getting USB descriptor (id 0) failed (dwErr=31) on hub USB#ROOT_HUB30#5&39b8775f&0&0#{f18a0e88-c30c-11d0-8815-00a0c906bed8} port 3
25:53:55.268294 USBPROXY usbLibDevGetHubPortDevices: No DriverKey on hub USB#ROOT_HUB30#5&2d8e40bd&0&0#{f18a0e88-c30c-11d0-8815-00a0c906bed8} port 1
25:53:55.268301 USBPROXY usbLibDevCfgDrGet: IOCTL_USB_GET_DESCRIPTOR_FROM_NODE_CONNECTION #1 failed (dwErr=433) on hub USB#ROOT_HUB30#5&2d8e40bd&0&0#{f18a0e88-c30c-11d0-8815-00a0c906bed8} port 1
25:53:55.329405 USBPROXY usbLibGetDevices: Found 3 USB devices, 0 captured
25:53:55.329440 USBPROXY USB: Unknown USB device detected (idVendor: 0x0000, idProduct: 0x0000)
25:53:56.307763 USBPROXY usbLibGetDevices: Starting USB device enumeration
25:53:56.357022 USBPROXY Getting USB descriptor (id 0) failed (dwErr=31) on hub USB#ROOT_HUB30#5&39b8775f&0&0#{f18a0e88-c30c-11d0-8815-00a0c906bed8} port 3
25:53:56.404022 USBPROXY usbLibGetDevices: Found 3 USB devices, 0 captured
25:53:58.067007 USBPROXY usbLibGetDevices: Starting USB device enumeration
25:53:58.084613 USBPROXY Getting USB descriptor (id 0) failed (dwErr=31) on hub USB#ROOT_HUB30#5&2524570b&0&0#{f18a0e88-c30c-11d0-8815-00a0c906bed8} port 3
25:53:58.115378 USBPROXY Getting USB descriptor (id 0) failed (dwErr=31) on hub USB#ROOT_HUB30#5&39b8775f&0&0#{f18a0e88-c30c-11d0-8815-00a0c906bed8} port 3
25:53:58.211891 USBPROXY usbLibGetDevices: Found 3 USB devices, 0 captured
25:53:59.721413 USBPROXY usbLibGetDevices: Starting USB device enumeration
25:53:59.769660 USBPROXY Getting USB descriptor (id 0) failed (dwErr=31) on hub USB#ROOT_HUB30#5&39b8775f&0&0#{f18a0e88-c30c-11d0-8815-00a0c906bed8} port 3
25:53:59.830447 USBPROXY usbLibGetDevices: Found 3 USB devices, 0 captured
25:54:20.618396 USBPROXY usbLibGetDevices: Starting USB device enumeration
25:54:20.635755 USBPROXY Getting USB descriptor (id 0) failed (dwErr=31) on hub USB#ROOT_HUB30#5&2524570b&0&0#{f18a0e88-c30c-11d0-8815-00a0c906bed8} port 3
25:54:20.666785 USBPROXY Getting USB descriptor (id 0) failed (dwErr=31) on hub USB#ROOT_HUB30#5&39b8775f&0&0#{f18a0e88-c30c-11d0-8815-00a0c906bed8} port 3
25:54:20.729031 USBPROXY usbLibGetDevices: Found 3 USB devices, 0 captured
25:54:22.345475 USBPROXY usbLibGetDevices: Starting USB device enumeration
25:54:22.363747 USBPROXY Getting USB descriptor (id 0) failed (dwErr=31) on hub USB#ROOT_HUB30#5&2524570b&0&0#{f18a0e88-c30c-11d0-8815-00a0c906bed8} port 3
25:54:22.395157 USBPROXY Getting USB descriptor (id 0) failed (dwErr=31) on hub USB#ROOT_HUB30#5&39b8775f&0&0#{f18a0e88-c30c-11d0-8815-00a0c906bed8} port 3
25:54:22.489730 USBPROXY usbLibGetDevices: Found 3 USB devices, 0 captured
25:54:23.982286 USBPROXY usbLibGetDevices: Starting USB device enumeration
25:54:24.031564 USBPROXY Getting USB descriptor (id 0) failed (dwErr=31) on hub USB#ROOT_HUB30#5&39b8775f&0&0#{f18a0e88-c30c-11d0-8815-00a0c906bed8} port 3
25:54:24.092149 USBPROXY usbLibGetDevices: Found 3 USB devices, 0 captured
25:54:32.169885 USBPROXY usbLibGetDevices: Starting USB device enumeration
25:54:32.218987 USBPROXY Getting USB descriptor (id 0) failed (dwErr=31) on hub USB#ROOT_HUB30#5&39b8775f&0&0#{f18a0e88-c30c-11d0-8815-00a0c906bed8} port 3
25:54:32.280753 USBPROXY usbLibGetDevices: Found 3 USB devices, 0 captured
25:54:37.101708 USBPROXY usbLibGetDevices: Starting USB device enumeration
25:54:37.151456 USBPROXY Getting USB descriptor (id 0) failed (dwErr=31) on hub USB#ROOT_HUB30#5&39b8775f&0&0#{f18a0e88-c30c-11d0-8815-00a0c906bed8} port 3
25:54:37.151539 USBPROXY usbLibDevGetHubPortDevices: No DriverKey on hub USB#ROOT_HUB30#5&2d8e40bd&0&0#{f18a0e88-c30c-11d0-8815-00a0c906bed8} port 1
25:54:37.151546 USBPROXY usbLibDevCfgDrGet: IOCTL_USB_GET_DESCRIPTOR_FROM_NODE_CONNECTION #1 failed (dwErr=433) on hub USB#ROOT_HUB30#5&2d8e40bd&0&0#{f18a0e88-c30c-11d0-8815-00a0c906bed8} port 1
25:54:37.199371 USBPROXY usbLibGetDevices: Found 3 USB devices, 0 captured
25:54:37.199407 USBPROXY USB: Unknown USB device detected (idVendor: 0x0000, idProduct: 0x0000)
25:54:38.185601 USBPROXY usbLibGetDevices: Starting USB device enumeration
25:54:38.203470 USBPROXY Getting USB descriptor (id 0) failed (dwErr=31) on hub USB#ROOT_HUB30#5&2524570b&0&0#{f18a0e88-c30c-11d0-8815-00a0c906bed8} port 3
25:54:38.219524 USBPROXY Getting USB descriptor (id 0) failed (dwErr=31) on hub USB#ROOT_HUB30#5&39b8775f&0&0#{f18a0e88-c30c-11d0-8815-00a0c906bed8} port 3
25:54:38.281363 USBPROXY usbLibGetDevices: Found 3 USB devices, 0 captured
25:54:39.948072 USBPROXY usbLibGetDevices: Starting USB device enumeration
25:54:39.980893 USBPROXY Getting USB descriptor (id 0) failed (dwErr=31) on hub USB#ROOT_HUB30#5&2524570b&0&0#{f18a0e88-c30c-11d0-8815-00a0c906bed8} port 3
25:54:40.011641 USBPROXY Getting USB descriptor (id 0) failed (dwErr=31) on hub USB#ROOT_HUB30#5&39b8775f&0&0#{f18a0e88-c30c-11d0-8815-00a0c906bed8} port 3
25:54:40.124458 USBPROXY usbLibGetDevices: Found 3 USB devices, 0 captured
25:54:41.602631 USBPROXY usbLibGetDevices: Starting USB device enumeration
25:54:41.653129 USBPROXY Getting USB descriptor (id 0) failed (dwErr=31) on hub USB#ROOT_HUB30#5&39b8775f&0&0#{f18a0e88-c30c-11d0-8815-00a0c906bed8} port 3
25:54:41.699493 USBPROXY usbLibGetDevices: Found 3 USB devices, 0 captured
25:54:55.312387 USBPROXY usbLibGetDevices: Starting USB device enumeration
25:54:55.328940 USBPROXY Getting USB descriptor (id 0) failed (dwErr=31) on hub USB#ROOT_HUB30#5&2524570b&0&0#{f18a0e88-c30c-11d0-8815-00a0c906bed8} port 3
25:54:55.360616 USBPROXY Getting USB descriptor (id 0) failed (dwErr=31) on hub USB#ROOT_HUB30#5&39b8775f&0&0#{f18a0e88-c30c-11d0-8815-00a0c906bed8} port 3
25:54:55.360696 USBPROXY usbLibDevGetHubPortDevices: No DriverKey on hub USB#ROOT_HUB30#5&2d8e40bd&0&0#{f18a0e88-c30c-11d0-8815-00a0c906bed8} port 1
25:54:55.360707 USBPROXY usbLibDevCfgDrGet: IOCTL_USB_GET_DESCRIPTOR_FROM_NODE_CONNECTION #1 failed (dwErr=433) on hub USB#ROOT_HUB30#5&2d8e40bd&0&0#{f18a0e88-c30c-11d0-8815-00a0c906bed8} port 1
25:54:55.409992 USBPROXY usbLibGetDevices: Found 3 USB devices, 0 captured
25:54:55.410028 USBPROXY USB: Unknown USB device detected (idVendor: 0x0000, idProduct: 0x0000)
25:54:56.430983 USBPROXY usbLibGetDevices: Starting USB device enumeration
25:54:56.449061 USBPROXY Getting USB descriptor (id 0) failed (dwErr=31) on hub USB#ROOT_HUB30#5&2524570b&0&0#{f18a0e88-c30c-11d0-8815-00a0c906bed8} port 3
25:54:56.479812 USBPROXY Getting USB descriptor (id 0) failed (dwErr=31) on hub USB#ROOT_HUB30#5&39b8775f&0&0#{f18a0e88-c30c-11d0-8815-00a0c906bed8} port 3
25:54:56.527647 USBPROXY usbLibGetDevices: Found 3 USB devices, 0 captured
25:54:58.177566 USBPROXY usbLibGetDevices: Starting USB device enumeration
25:54:58.195747 USBPROXY Getting USB descriptor (id 0) failed (dwErr=31) on hub USB#ROOT_HUB30#5&2524570b&0&0#{f18a0e88-c30c-11d0-8815-00a0c906bed8} port 3
25:54:58.226710 USBPROXY Getting USB descriptor (id 0) failed (dwErr=31) on hub USB#ROOT_HUB30#5&39b8775f&0&0#{f18a0e88-c30c-11d0-8815-00a0c906bed8} port 3
25:54:58.274447 USBPROXY usbLibGetDevices: Found 3 USB devices, 0 captured
25:54:59.875802 USBPROXY usbLibGetDevices: Starting USB device enumeration
25:54:59.924422 USBPROXY Getting USB descriptor (id 0) failed (dwErr=31) on hub USB#ROOT_HUB30#5&39b8775f&0&0#{f18a0e88-c30c-11d0-8815-00a0c906bed8} port 3
25:54:59.971846 USBPROXY usbLibGetDevices: Found 3 USB devices, 0 captured
25:55:17.380608 USBPROXY usbLibGetDevices: Starting USB device enumeration
25:55:17.398444 USBPROXY Getting USB descriptor (id 0) failed (dwErr=31) on hub USB#ROOT_HUB30#5&2524570b&0&0#{f18a0e88-c30c-11d0-8815-00a0c906bed8} port 3
25:55:17.429014 USBPROXY Getting USB descriptor (id 0) failed (dwErr=31) on hub USB#ROOT_HUB30#5&39b8775f&0&0#{f18a0e88-c30c-11d0-8815-00a0c906bed8} port 3
25:55:17.478192 USBPROXY usbLibGetDevices: Found 3 USB devices, 0 captured
25:55:19.134415 USBPROXY usbLibGetDevices: Starting USB device enumeration
25:55:19.152119 USBPROXY Getting USB descriptor (id 0) failed (dwErr=31) on hub USB#ROOT_HUB30#5&2524570b&0&0#{f18a0e88-c30c-11d0-8815-00a0c906bed8} port 3
25:55:19.168212 USBPROXY Getting USB descriptor (id 0) failed (dwErr=31) on hub USB#ROOT_HUB30#5&39b8775f&0&0#{f18a0e88-c30c-11d0-8815-00a0c906bed8} port 3
25:55:19.279754 USBPROXY usbLibGetDevices: Found 3 USB devices, 0 captured
25:55:21.017558 USBPROXY usbLibGetDevices: Starting USB device enumeration
25:55:21.066523 USBPROXY Getting USB descriptor (id 0) failed (dwErr=31) on hub USB#ROOT_HUB30#5&39b8775f&0&0#{f18a0e88-c30c-11d0-8815-00a0c906bed8} port 3
25:55:21.131694 USBPROXY usbLibGetDevices: Found 3 USB devices, 0 captured
25:55:32.932035 USBPROXY usbLibGetDevices: Starting USB device enumeration
25:55:32.950024 USBPROXY Getting USB descriptor (id 0) failed (dwErr=31) on hub USB#ROOT_HUB30#5&2524570b&0&0#{f18a0e88-c30c-11d0-8815-00a0c906bed8} port 3
25:55:32.981290 USBPROXY Getting USB descriptor (id 0) failed (dwErr=31) on hub USB#ROOT_HUB30#5&39b8775f&0&0#{f18a0e88-c30c-11d0-8815-00a0c906bed8} port 3
25:55:32.981424 USBPROXY usbLibDevGetHubPortDevices: No DriverKey on hub USB#ROOT_HUB30#5&2d8e40bd&0&0#{f18a0e88-c30c-11d0-8815-00a0c906bed8} port 1
25:55:32.981435 USBPROXY usbLibDevCfgDrGet: IOCTL_USB_GET_DESCRIPTOR_FROM_NODE_CONNECTION #1 failed (dwErr=433) on hub USB#ROOT_HUB30#5&2d8e40bd&0&0#{f18a0e88-c30c-11d0-8815-00a0c906bed8} port 1
25:55:33.043109 USBPROXY usbLibGetDevices: Found 3 USB devices, 0 captured
25:55:33.043171 USBPROXY USB: Unknown USB device detected (idVendor: 0x0000, idProduct: 0x0000)
25:55:34.035242 USBPROXY usbLibGetDevices: Starting USB device enumeration
25:55:34.052843 USBPROXY Getting USB descriptor (id 0) failed (dwErr=31) on hub USB#ROOT_HUB30#5&2524570b&0&0#{f18a0e88-c30c-11d0-8815-00a0c906bed8} port 3
25:55:34.084283 USBPROXY Getting USB descriptor (id 0) failed (dwErr=31) on hub USB#ROOT_HUB30#5&39b8775f&0&0#{f18a0e88-c30c-11d0-8815-00a0c906bed8} port 3
25:55:34.144953 USBPROXY usbLibGetDevices: Found 3 USB devices, 0 captured
25:55:35.792751 USBPROXY usbLibGetDevices: Starting USB device enumeration
25:55:35.810724 USBPROXY Getting USB descriptor (id 0) failed (dwErr=31) on hub USB#ROOT_HUB30#5&2524570b&0&0#{f18a0e88-c30c-11d0-8815-00a0c906bed8} port 3
25:55:35.841478 USBPROXY Getting USB descriptor (id 0) failed (dwErr=31) on hub USB#ROOT_HUB30#5&39b8775f&0&0#{f18a0e88-c30c-11d0-8815-00a0c906bed8} port 3
25:55:35.932757 USBPROXY usbLibGetDevices: Found 3 USB devices, 0 captured
25:55:37.473156 USBPROXY usbLibGetDevices: Starting USB device enumeration
25:55:37.522116 USBPROXY Getting USB descriptor (id 0) failed (dwErr=31) on hub USB#ROOT_HUB30#5&39b8775f&0&0#{f18a0e88-c30c-11d0-8815-00a0c906bed8} port 3
25:55:37.571053 USBPROXY usbLibGetDevices: Found 3 USB devices, 0 captured
25:57:46.411586 USBPROXY usbLibGetDevices: Starting USB device enumeration
25:57:46.460651 USBPROXY Getting USB descriptor (id 0) failed (dwErr=31) on hub USB#ROOT_HUB30#5&39b8775f&0&0#{f18a0e88-c30c-11d0-8815-00a0c906bed8} port 3
25:57:46.508391 USBPROXY usbLibGetDevices: Found 3 USB devices, 0 captured
25:57:48.047824 USBPROXY usbLibGetDevices: Starting USB device enumeration
25:57:48.064647 USBPROXY Getting USB descriptor (id 0) failed (dwErr=31) on hub USB#ROOT_HUB30#5&2524570b&0&0#{f18a0e88-c30c-11d0-8815-00a0c906bed8} port 3
25:57:48.080822 USBPROXY Getting USB descriptor (id 0) failed (dwErr=31) on hub USB#ROOT_HUB30#5&39b8775f&0&0#{f18a0e88-c30c-11d0-8815-00a0c906bed8} port 3
25:57:48.177598 USBPROXY usbLibGetDevices: Found 3 USB devices, 0 captured
25:57:49.710848 USBPROXY usbLibGetDevices: Starting USB device enumeration
25:57:49.759834 USBPROXY Getting USB descriptor (id 0) failed (dwErr=31) on hub USB#ROOT_HUB30#5&39b8775f&0&0#{f18a0e88-c30c-11d0-8815-00a0c906bed8} port 3
25:57:49.821083 USBPROXY usbLibGetDevices: Found 3 USB devices, 0 captured
25:57:51.613311 USBPROXY usbLibGetDevices: Starting USB device enumeration
25:57:51.662619 USBPROXY Getting USB descriptor (id 0) failed (dwErr=31) on hub USB#ROOT_HUB30#5&39b8775f&0&0#{f18a0e88-c30c-11d0-8815-00a0c906bed8} port 3
25:57:51.709522 USBPROXY usbLibGetDevices: Found 3 USB devices, 0 captured
25:57:59.702119 USBPROXY usbLibGetDevices: Starting USB device enumeration
25:57:59.750632 USBPROXY Getting USB descriptor (id 0) failed (dwErr=31) on hub USB#ROOT_HUB30#5&39b8775f&0&0#{f18a0e88-c30c-11d0-8815-00a0c906bed8} port 3
25:57:59.750715 USBPROXY usbLibDevGetHubPortDevices: No DriverKey on hub USB#ROOT_HUB30#5&2d8e40bd&0&0#{f18a0e88-c30c-11d0-8815-00a0c906bed8} port 1
25:57:59.750724 USBPROXY usbLibDevCfgDrGet: IOCTL_USB_GET_DESCRIPTOR_FROM_NODE_CONNECTION #1 failed (dwErr=433) on hub USB#ROOT_HUB30#5&2d8e40bd&0&0#{f18a0e88-c30c-11d0-8815-00a0c906bed8} port 1
25:57:59.812425 USBPROXY usbLibGetDevices: Found 3 USB devices, 0 captured
25:57:59.812485 USBPROXY USB: Unknown USB device detected (idVendor: 0x0000, idProduct: 0x0000)
25:58:00.824596 USBPROXY usbLibGetDevices: Starting USB device enumeration
25:58:00.842543 USBPROXY Getting USB descriptor (id 0) failed (dwErr=31) on hub USB#ROOT_HUB30#5&2524570b&0&0#{f18a0e88-c30c-11d0-8815-00a0c906bed8} port 3
25:58:00.873733 USBPROXY Getting USB descriptor (id 0) failed (dwErr=31) on hub USB#ROOT_HUB30#5&39b8775f&0&0#{f18a0e88-c30c-11d0-8815-00a0c906bed8} port 3
25:58:00.935411 USBPROXY usbLibGetDevices: Found 3 USB devices, 0 captured
25:58:02.568746 USBPROXY usbLibGetDevices: Starting USB device enumeration
25:58:02.586973 USBPROXY Getting USB descriptor (id 0) failed (dwErr=31) on hub USB#ROOT_HUB30#5&2524570b&0&0#{f18a0e88-c30c-11d0-8815-00a0c906bed8} port 3
25:58:02.617981 USBPROXY Getting USB descriptor (id 0) failed (dwErr=31) on hub USB#ROOT_HUB30#5&39b8775f&0&0#{f18a0e88-c30c-11d0-8815-00a0c906bed8} port 3
25:58:02.713129 USBPROXY usbLibGetDevices: Found 3 USB devices, 0 captured
25:58:04.211518 USBPROXY usbLibGetDevices: Starting USB device enumeration
25:58:04.260980 USBPROXY Getting USB descriptor (id 0) failed (dwErr=31) on hub USB#ROOT_HUB30#5&39b8775f&0&0#{f18a0e88-c30c-11d0-8815-00a0c906bed8} port 3
25:58:04.309928 USBPROXY usbLibGetDevices: Found 3 USB devices, 0 captured
25:58:15.005112 USBPROXY usbLibGetDevices: Starting USB device enumeration
25:58:15.023357 USBPROXY Getting USB descriptor (id 0) failed (dwErr=31) on hub USB#ROOT_HUB30#5&2524570b&0&0#{f18a0e88-c30c-11d0-8815-00a0c906bed8} port 3
25:58:15.053153 USBPROXY Getting USB descriptor (id 0) failed (dwErr=31) on hub USB#ROOT_HUB30#5&39b8775f&0&0#{f18a0e88-c30c-11d0-8815-00a0c906bed8} port 3
25:58:15.101514 USBPROXY usbLibGetDevices: Found 3 USB devices, 0 captured
25:59:22.468406 USBPROXY usbLibGetDevices: Starting USB device enumeration
25:59:22.486254 USBPROXY Getting USB descriptor (id 0) failed (dwErr=31) on hub USB#ROOT_HUB30#5&2524570b&0&0#{f18a0e88-c30c-11d0-8815-00a0c906bed8} port 3
25:59:22.516872 USBPROXY Getting USB descriptor (id 0) failed (dwErr=31) on hub USB#ROOT_HUB30#5&39b8775f&0&0#{f18a0e88-c30c-11d0-8815-00a0c906bed8} port 3
25:59:31.306774 USBPROXY Getting USB descriptor (id 0) failed (dwErr=995) on hub USB#ROOT_HUB30#5&2d8e40bd&0&0#{f18a0e88-c30c-11d0-8815-00a0c906bed8} port 1
25:59:31.339948 USBPROXY usbLibGetDevices: Found 3 USB devices, 0 captured
25:59:31.339987 USBPROXY USB: Unknown USB device detected (idVendor: 0x13d3, idProduct: 0x3568)
25:59:31.340022 USBPROXY usbLibGetDevices: Starting USB device enumeration
25:59:31.372824 USBPROXY Getting USB descriptor (id 0) failed (dwErr=31) on hub USB#ROOT_HUB30#5&2524570b&0&0#{f18a0e88-c30c-11d0-8815-00a0c906bed8} port 3
25:59:31.400336 USBPROXY Getting USB descriptor (id 0) failed (dwErr=31) on hub USB#ROOT_HUB30#5&39b8775f&0&0#{f18a0e88-c30c-11d0-8815-00a0c906bed8} port 3
25:59:36.404159 USBPROXY Getting USB descriptor (id 0) failed (dwErr=995) on hub USB#ROOT_HUB30#5&2d8e40bd&0&0#{f18a0e88-c30c-11d0-8815-00a0c906bed8} port 1
25:59:36.437677 USBPROXY usbLibGetDevices: Found 3 USB devices, 0 captured
25:59:36.437714 USBPROXY usbLibGetDevices: Starting USB device enumeration
25:59:36.453411 USBPROXY Getting USB descriptor (id 0) failed (dwErr=31) on hub USB#ROOT_HUB30#5&2524570b&0&0#{f18a0e88-c30c-11d0-8815-00a0c906bed8} port 3
25:59:36.470785 USBPROXY Getting USB descriptor (id 0) failed (dwErr=31) on hub USB#ROOT_HUB30#5&39b8775f&0&0#{f18a0e88-c30c-11d0-8815-00a0c906bed8} port 3
25:59:41.482098 USBPROXY Getting USB descriptor (id 0) failed (dwErr=995) on hub USB#ROOT_HUB30#5&2d8e40bd&0&0#{f18a0e88-c30c-11d0-8815-00a0c906bed8} port 1
25:59:41.514718 USBPROXY usbLibGetDevices: Found 3 USB devices, 0 captured
26:01:06.315046 USBPROXY usbLibGetDevices: Starting USB device enumeration
26:01:06.333143 USBPROXY Getting USB descriptor (id 0) failed (dwErr=31) on hub USB#ROOT_HUB30#5&2524570b&0&0#{f18a0e88-c30c-11d0-8815-00a0c906bed8} port 3
26:01:06.363940 USBPROXY Getting USB descriptor (id 0) failed (dwErr=31) on hub USB#ROOT_HUB30#5&39b8775f&0&0#{f18a0e88-c30c-11d0-8815-00a0c906bed8} port 3
26:01:10.213593 dns-monitor HostDnsMonitor: updating information
26:01:10.213634 dns-monitor HostDnsMonitor: old information
26:01:10.213637 dns-monitor   server 1: 64.71.255.204
26:01:10.213640 dns-monitor   server 2: 64.71.255.198
26:01:10.213643 dns-monitor   domain: phub.net.cable.rogers.com
26:01:10.213645 dns-monitor   no search string entries
26:01:10.213648 dns-monitor HostDnsMonitor: new information
26:01:10.213650 dns-monitor   no server entries
26:01:10.213652 dns-monitor   no domain set
26:01:10.213654 dns-monitor   no search string entries
26:01:11.374783 USBPROXY Getting USB descriptor (id 0) failed (dwErr=995) on hub USB#ROOT_HUB30#5&2d8e40bd&0&0#{f18a0e88-c30c-11d0-8815-00a0c906bed8} port 1
26:01:11.375056 USBPROXY usbLibDevGetHubPortDevices: No DriverKey on hub USB#VID_05E3&PID_0610#7&2885bcfe&1&1#{f18a0e88-c30c-11d0-8815-00a0c906bed8} port 1
26:01:11.375068 USBPROXY usbLibDevCfgDrGet: IOCTL_USB_GET_DESCRIPTOR_FROM_NODE_CONNECTION #1 failed (dwErr=433) on hub USB#VID_05E3&PID_0610#7&2885bcfe&1&1#{f18a0e88-c30c-11d0-8815-00a0c906bed8} port 1
26:01:11.488453 USBPROXY usbLibGetDevices: Found 6 USB devices, 0 captured
26:01:11.488501 USBPROXY USB: Unknown USB device detected (idVendor: 0x0000, idProduct: 0x0000)
26:01:11.488557 USBPROXY usbLibGetDevices: Starting USB device enumeration
26:01:11.519784 USBPROXY Getting USB descriptor (id 0) failed (dwErr=31) on hub USB#ROOT_HUB30#5&2524570b&0&0#{f18a0e88-c30c-11d0-8815-00a0c906bed8} port 3
26:01:11.550674 USBPROXY Getting USB descriptor (id 0) failed (dwErr=31) on hub USB#ROOT_HUB30#5&39b8775f&0&0#{f18a0e88-c30c-11d0-8815-00a0c906bed8} port 3
26:01:16.553381 USBPROXY Getting USB descriptor (id 0) failed (dwErr=995) on hub USB#ROOT_HUB30#5&2d8e40bd&0&0#{f18a0e88-c30c-11d0-8815-00a0c906bed8} port 1
26:01:16.650533 USBPROXY usbLibGetDevices: Found 6 USB devices, 0 captured
26:01:16.650610 USBPROXY usbLibGetDevices: Starting USB device enumeration
26:01:16.681863 USBPROXY Getting USB descriptor (id 0) failed (dwErr=31) on hub USB#ROOT_HUB30#5&2524570b&0&0#{f18a0e88-c30c-11d0-8815-00a0c906bed8} port 3
26:01:16.713208 USBPROXY Getting USB descriptor (id 0) failed (dwErr=31) on hub USB#ROOT_HUB30#5&39b8775f&0&0#{f18a0e88-c30c-11d0-8815-00a0c906bed8} port 3
26:01:20.218817 dns-monitor HostDnsMonitor: updating information
26:01:20.218853 dns-monitor HostDnsMonitor: unchanged
26:01:21.723617 USBPROXY Getting USB descriptor (id 0) failed (dwErr=995) on hub USB#ROOT_HUB30#5&2d8e40bd&0&0#{f18a0e88-c30c-11d0-8815-00a0c906bed8} port 1
26:01:21.819225 USBPROXY usbLibGetDevices: Found 6 USB devices, 0 captured
26:01:57.107779 dns-monitor HostDnsMonitor: updating information
26:01:57.107812 dns-monitor HostDnsMonitor: old information
26:01:57.107815 dns-monitor   no server entries
26:01:57.107818 dns-monitor   no domain set
26:01:57.107820 dns-monitor   no search string entries
26:01:57.107822 dns-monitor HostDnsMonitor: new information
26:01:57.107824 dns-monitor   server 1: 64.71.255.204
26:01:57.107827 dns-monitor   server 2: 64.71.255.198
26:01:57.107829 dns-monitor   domain: phub.net.cable.rogers.com
26:01:57.107831 dns-monitor   no search string entries
26:02:06.097830 USBPROXY usbLibGetDevices: Starting USB device enumeration
26:02:06.115104 USBPROXY Getting USB descriptor (id 0) failed (dwErr=31) on hub USB#ROOT_HUB30#5&2524570b&0&0#{f18a0e88-c30c-11d0-8815-00a0c906bed8} port 3
26:02:06.147029 USBPROXY Getting USB descriptor (id 0) failed (dwErr=31) on hub USB#ROOT_HUB30#5&39b8775f&0&0#{f18a0e88-c30c-11d0-8815-00a0c906bed8} port 3
26:02:11.161702 USBPROXY Getting USB descriptor (id 0) failed (dwErr=995) on hub USB#ROOT_HUB30#5&2d8e40bd&0&0#{f18a0e88-c30c-11d0-8815-00a0c906bed8} port 1
26:02:11.257224 USBPROXY usbLibGetDevices: Found 6 USB devices, 0 captured
26:32:59.862012 USBPROXY usbLibGetDevices: Starting USB device enumeration
26:32:59.882866 USBPROXY Getting USB descriptor (id 0) failed (dwErr=31) on hub USB#ROOT_HUB30#5&2524570b&0&0#{f18a0e88-c30c-11d0-8815-00a0c906bed8} port 3
26:32:59.909732 USBPROXY Getting USB descriptor (id 0) failed (dwErr=31) on hub USB#ROOT_HUB30#5&39b8775f&0&0#{f18a0e88-c30c-11d0-8815-00a0c906bed8} port 3
